<?xml version="1.0" encoding="UTF-8"?>
<!-- Generated by org.testng.reporters.JUnitReportReporter -->
<testsuite skipped="0" hostname="SHERINE_MARTINA" name="LoginTestcase.Login" tests="1" failures="0" timestamp="2022-07-14T20:43:41 IST" time="7.441" errors="0">
  <testcase name="f" time="7.441" classname="LoginTestcase.Login"/>
</testsuite> <!-- LoginTestcase.Login -->
